0:0:0:0:0:0:0:1 - - [02/Nov/2021:17:41:23 +0800] "GET / HTTP/1.1" 404 431 23 Mozilla/5.0 (Windows NT 10.0; Win64; x64) AppleWebKit/537.36 (KHTML, like Gecko) Chrome/95.0.4638.54 Safari/537.36 -
0:0:0:0:0:0:0:1 - - [02/Nov/2021:17:41:23 +0800] "GET /favicon.ico HTTP/1.1" 404 431 3 Mozilla/5.0 (Windows NT 10.0; Win64; x64) AppleWebKit/537.36 (KHTML, like Gecko) Chrome/95.0.4638.54 Safari/537.36 -
0:0:0:0:0:0:0:1 - - [02/Nov/2021:17:41:27 +0800] "GET /nacos HTTP/1.1" 302 - 0 Mozilla/5.0 (Windows NT 10.0; Win64; x64) AppleWebKit/537.36 (KHTML, like Gecko) Chrome/95.0.4638.54 Safari/537.36 -
0:0:0:0:0:0:0:1 - - [02/Nov/2021:17:41:27 +0800] "GET /nacos/ HTTP/1.1" 200 2624 100 Mozilla/5.0 (Windows NT 10.0; Win64; x64) AppleWebKit/537.36 (KHTML, like Gecko) Chrome/95.0.4638.54 Safari/537.36 -
0:0:0:0:0:0:0:1 - - [02/Nov/2021:17:41:27 +0800] "GET /nacos/console-ui/public/css/icon.css HTTP/1.1" 200 5176 16 Mozilla/5.0 (Windows NT 10.0; Win64; x64) AppleWebKit/537.36 (KHTML, like Gecko) Chrome/95.0.4638.54 Safari/537.36 -
0:0:0:0:0:0:0:1 - - [02/Nov/2021:17:41:27 +0800] "GET /nacos/console-ui/public/css/bootstrap.css HTTP/1.1" 200 123294 31 Mozilla/5.0 (Windows NT 10.0; Win64; x64) AppleWebKit/537.36 (KHTML, like Gecko) Chrome/95.0.4638.54 Safari/537.36 -
0:0:0:0:0:0:0:1 - - [02/Nov/2021:17:41:27 +0800] "GET /nacos/console-ui/public/css/console1412.css HTTP/1.1" 200 156959 33 Mozilla/5.0 (Windows NT 10.0; Win64; x64) AppleWebKit/537.36 (KHTML, like Gecko) Chrome/95.0.4638.54 Safari/537.36 -
0:0:0:0:0:0:0:1 - - [02/Nov/2021:17:41:27 +0800] "GET /nacos/console-ui/public/css/codemirror.css HTTP/1.1" 200 8858 29 Mozilla/5.0 (Windows NT 10.0; Win64; x64) AppleWebKit/537.36 (KHTML, like Gecko) Chrome/95.0.4638.54 Safari/537.36 -
0:0:0:0:0:0:0:1 - - [02/Nov/2021:17:41:27 +0800] "GET /nacos/console-ui/public/css/merge.css HTTP/1.1" 200 3866 18 Mozilla/5.0 (Windows NT 10.0; Win64; x64) AppleWebKit/537.36 (KHTML, like Gecko) Chrome/95.0.4638.54 Safari/537.36 -
0:0:0:0:0:0:0:1 - - [02/Nov/2021:17:41:27 +0800] "GET /nacos/console-ui/public/css/font-awesome.css HTTP/1.1" 200 33850 36 Mozilla/5.0 (Windows NT 10.0; Win64; x64) AppleWebKit/537.36 (KHTML, like Gecko) Chrome/95.0.4638.54 Safari/537.36 -
0:0:0:0:0:0:0:1 - - [02/Nov/2021:17:41:27 +0800] "GET /nacos/console-ui/public/js/jquery.js HTTP/1.1" 200 89476 12 Mozilla/5.0 (Windows NT 10.0; Win64; x64) AppleWebKit/537.36 (KHTML, like Gecko) Chrome/95.0.4638.54 Safari/537.36 -
0:0:0:0:0:0:0:1 - - [02/Nov/2021:17:41:27 +0800] "GET /nacos/css/main.css HTTP/1.1" 200 450763 16 Mozilla/5.0 (Windows NT 10.0; Win64; x64) AppleWebKit/537.36 (KHTML, like Gecko) Chrome/95.0.4638.54 Safari/537.36 -
0:0:0:0:0:0:0:1 - - [02/Nov/2021:17:41:27 +0800] "GET /nacos/console-ui/public/js/xml.js HTTP/1.1" 200 13059 5 Mozilla/5.0 (Windows NT 10.0; Win64; x64) AppleWebKit/537.36 (KHTML, like Gecko) Chrome/95.0.4638.54 Safari/537.36 -
0:0:0:0:0:0:0:1 - - [02/Nov/2021:17:41:27 +0800] "GET /nacos/console-ui/public/js/codemirror.addone.fullscreen.js HTTP/1.1" 200 1983 3 Mozilla/5.0 (Windows NT 10.0; Win64; x64) AppleWebKit/537.36 (KHTML, like Gecko) Chrome/95.0.4638.54 Safari/537.36 -
0:0:0:0:0:0:0:1 - - [02/Nov/2021:17:41:27 +0800] "GET /nacos/console-ui/public/js/codemirror.js HTTP/1.1" 200 366246 17 Mozilla/5.0 (Windows NT 10.0; Win64; x64) AppleWebKit/537.36 (KHTML, like Gecko) Chrome/95.0.4638.54 Safari/537.36 -
0:0:0:0:0:0:0:1 - - [02/Nov/2021:17:41:27 +0800] "GET /nacos/console-ui/public/js/javascript.js HTTP/1.1" 200 32209 14 Mozilla/5.0 (Windows NT 10.0; Win64; x64) AppleWebKit/537.36 (KHTML, like Gecko) Chrome/95.0.4638.54 Safari/537.36 -
0:0:0:0:0:0:0:1 - - [02/Nov/2021:17:41:27 +0800] "GET /nacos/console-ui/public/js/codemirror.addone.lint.js HTTP/1.1" 200 8521 6 Mozilla/5.0 (Windows NT 10.0; Win64; x64) AppleWebKit/537.36 (KHTML, like Gecko) Chrome/95.0.4638.54 Safari/537.36 -
0:0:0:0:0:0:0:1 - - [02/Nov/2021:17:41:27 +0800] "GET /nacos/console-ui/public/js/codemirror.lib.json-lint.js HTTP/1.1" 200 16798 4 Mozilla/5.0 (Windows NT 10.0; Win64; x64) AppleWebKit/537.36 (KHTML, like Gecko) Chrome/95.0.4638.54 Safari/537.36 -
0:0:0:0:0:0:0:1 - - [02/Nov/2021:17:41:28 +0800] "GET /nacos/console-ui/public/js/codemirror.addone.json-lint.js HTTP/1.1" 200 1443 3 Mozilla/5.0 (Windows NT 10.0; Win64; x64) AppleWebKit/537.36 (KHTML, like Gecko) Chrome/95.0.4638.54 Safari/537.36 -
0:0:0:0:0:0:0:1 - - [02/Nov/2021:17:41:28 +0800] "GET /nacos/console-ui/public/js/diff_match_patch.js HTTP/1.1" 200 19192 8 Mozilla/5.0 (Windows NT 10.0; Win64; x64) AppleWebKit/537.36 (KHTML, like Gecko) Chrome/95.0.4638.54 Safari/537.36 -
0:0:0:0:0:0:0:1 - - [02/Nov/2021:17:41:28 +0800] "GET /nacos/console-ui/public/js/merge.js HTTP/1.1" 200 37883 9 Mozilla/5.0 (Windows NT 10.0; Win64; x64) AppleWebKit/537.36 (KHTML, like Gecko) Chrome/95.0.4638.54 Safari/537.36 -
0:0:0:0:0:0:0:1 - - [02/Nov/2021:17:41:28 +0800] "GET /nacos/console-ui/public/js/codemirror.lib.clike-lint.js HTTP/1.1" 200 31531 14 Mozilla/5.0 (Windows NT 10.0; Win64; x64) AppleWebKit/537.36 (KHTML, like Gecko) Chrome/95.0.4638.54 Safari/537.36 -
0:0:0:0:0:0:0:1 - - [02/Nov/2021:17:41:28 +0800] "GET /nacos/console-ui/public/js/loader.js HTTP/1.1" 200 28899 6 Mozilla/5.0 (Windows NT 10.0; Win64; x64) AppleWebKit/537.36 (KHTML, like Gecko) Chrome/95.0.4638.54 Safari/537.36 -
0:0:0:0:0:0:0:1 - - [02/Nov/2021:17:41:28 +0800] "GET /nacos/js/main.js HTTP/1.1" 200 9650532 122 Mozilla/5.0 (Windows NT 10.0; Win64; x64) AppleWebKit/537.36 (KHTML, like Gecko) Chrome/95.0.4638.54 Safari/537.36 -
0:0:0:0:0:0:0:1 - - [02/Nov/2021:17:41:28 +0800] "GET /nacos/console-ui/public/js/vs/editor/editor.main.js HTTP/1.1" 200 1824087 17 Mozilla/5.0 (Windows NT 10.0; Win64; x64) AppleWebKit/537.36 (KHTML, like Gecko) Chrome/95.0.4638.54 Safari/537.36 -
0:0:0:0:0:0:0:1 - - [02/Nov/2021:17:41:28 +0800] "GET /nacos/img/logo-2000-390.svg HTTP/1.1" 200 2106 8 Mozilla/5.0 (Windows NT 10.0; Win64; x64) AppleWebKit/537.36 (KHTML, like Gecko) Chrome/95.0.4638.54 Safari/537.36 -
0:0:0:0:0:0:0:1 - - [02/Nov/2021:17:41:28 +0800] "GET /nacos/img/black_dot.png HTTP/1.1" 200 114 4 Mozilla/5.0 (Windows NT 10.0; Win64; x64) AppleWebKit/537.36 (KHTML, like Gecko) Chrome/95.0.4638.54 Safari/537.36 -
0:0:0:0:0:0:0:1 - - [02/Nov/2021:17:41:28 +0800] "GET /nacos/v1/console/server/state?accessToken= HTTP/1.1" 200 82 54 Mozilla/5.0 (Windows NT 10.0; Win64; x64) AppleWebKit/537.36 (KHTML, like Gecko) Chrome/95.0.4638.54 Safari/537.36 -
0:0:0:0:0:0:0:1 - - [02/Nov/2021:17:41:28 +0800] "GET /nacos/img/nacos.png HTTP/1.1" 200 3588 7 Mozilla/5.0 (Windows NT 10.0; Win64; x64) AppleWebKit/537.36 (KHTML, like Gecko) Chrome/95.0.4638.54 Safari/537.36 -
0:0:0:0:0:0:0:1 - - [02/Nov/2021:17:41:28 +0800] "GET /nacos/console-ui/public/js/vs/editor/editor.main.css HTTP/1.1" 200 172199 6 Mozilla/5.0 (Windows NT 10.0; Win64; x64) AppleWebKit/537.36 (KHTML, like Gecko) Chrome/95.0.4638.54 Safari/537.36 -
0:0:0:0:0:0:0:1 - - [02/Nov/2021:17:41:28 +0800] "GET /nacos/console-ui/public/icons/icon-font.woff2 HTTP/1.1" 404 177 51 Mozilla/5.0 (Windows NT 10.0; Win64; x64) AppleWebKit/537.36 (KHTML, like Gecko) Chrome/95.0.4638.54 Safari/537.36 -
0:0:0:0:0:0:0:1 - - [02/Nov/2021:17:41:28 +0800] "GET /nacos/console-ui/public/js/vs/editor/editor.main.nls.zh-cn.js HTTP/1.1" 200 22864 4 Mozilla/5.0 (Windows NT 10.0; Win64; x64) AppleWebKit/537.36 (KHTML, like Gecko) Chrome/95.0.4638.54 Safari/537.36 -
0:0:0:0:0:0:0:1 - - [02/Nov/2021:17:41:28 +0800] "GET /nacos/console-ui/public/icons/icon-font.woff HTTP/1.1" 200 5504 7 Mozilla/5.0 (Windows NT 10.0; Win64; x64) AppleWebKit/537.36 (KHTML, like Gecko) Chrome/95.0.4638.54 Safari/537.36 -
0:0:0:0:0:0:0:1 - - [02/Nov/2021:17:41:28 +0800] "GET /nacos/console-ui/public/img/favicon.ico HTTP/1.1" 200 4286 10 Mozilla/5.0 (Windows NT 10.0; Win64; x64) AppleWebKit/537.36 (KHTML, like Gecko) Chrome/95.0.4638.54 Safari/537.36 -
0:0:0:0:0:0:0:1 - - [02/Nov/2021:17:41:41 +0800] "POST /nacos/v1/auth/users/login HTTP/1.1" 200 173 266 Mozilla/5.0 (Windows NT 10.0; Win64; x64) AppleWebKit/537.36 (KHTML, like Gecko) Chrome/95.0.4638.54 Safari/537.36 -
0:0:0:0:0:0:0:1 - - [02/Nov/2021:17:41:41 +0800] "GET /nacos/v1/console/server/state?accessToken=eyJhbGciOiJIUzI1NiJ9.eyJzdWIiOiJuYWNvcyIsImV4cCI6MTYzNTg2NDEwMX0.ZD3q71thmCCxvYsTmBP8c7-1TmloUEDpwPVzWLAKKwQ HTTP/1.1" 200 82 4 Mozilla/5.0 (Windows NT 10.0; Win64; x64) AppleWebKit/537.36 (KHTML, like Gecko) Chrome/95.0.4638.54 Safari/537.36 -
0:0:0:0:0:0:0:1 - - [02/Nov/2021:17:41:42 +0800] "GET /nacos/v1/console/namespaces?&accessToken=eyJhbGciOiJIUzI1NiJ9.eyJzdWIiOiJuYWNvcyIsImV4cCI6MTYzNTg2NDEwMX0.ZD3q71thmCCxvYsTmBP8c7-1TmloUEDpwPVzWLAKKwQ&namespaceId= HTTP/1.1" 200 130 1618 Mozilla/5.0 (Windows NT 10.0; Win64; x64) AppleWebKit/537.36 (KHTML, like Gecko) Chrome/95.0.4638.54 Safari/537.36 -
0:0:0:0:0:0:0:1 - - [02/Nov/2021:17:41:43 +0800] "GET /nacos/v1/cs/configs?dataId=&group=&appName=&config_tags=&pageNo=1&pageSize=10&tenant=&search=accurate&accessToken=eyJhbGciOiJIUzI1NiJ9.eyJzdWIiOiJuYWNvcyIsImV4cCI6MTYzNTg2NDEwMX0.ZD3q71thmCCxvYsTmBP8c7-1TmloUEDpwPVzWLAKKwQ HTTP/1.1" 200 76 937 Mozilla/5.0 (Windows NT 10.0; Win64; x64) AppleWebKit/537.36 (KHTML, like Gecko) Chrome/95.0.4638.54 Safari/537.36 -
0:0:0:0:0:0:0:1 - - [02/Nov/2021:17:41:55 +0800] "GET /nacos/v1/console/namespaces?&accessToken=eyJhbGciOiJIUzI1NiJ9.eyJzdWIiOiJuYWNvcyIsImV4cCI6MTYzNTg2NDEwMX0.ZD3q71thmCCxvYsTmBP8c7-1TmloUEDpwPVzWLAKKwQ&namespaceId= HTTP/1.1" 200 130 182 Mozilla/5.0 (Windows NT 10.0; Win64; x64) AppleWebKit/537.36 (KHTML, like Gecko) Chrome/95.0.4638.54 Safari/537.36 -
