2021-11-02 17:21:45,536 INFO raft peers changed: [Member{ip='26.26.26.1', port=8848, state=UP, extendInfo={raftPort=7848}}]

2021-11-02 17:21:45,560 INFO initializing Raft sub-system

2021-11-02 17:21:45,561 INFO finish loading all datums, size: 0 cost 1 ms.

2021-11-02 17:21:45,564 INFO cache loaded, datum count: 0, current term: 0

2021-11-02 17:21:45,564 INFO finish to load data from disk, cost: 4 ms.

2021-11-02 17:21:45,568 INFO timer started: leader timeout ms: 15000, heart-beat timeout ms: 5000

2021-11-02 17:21:46,093 INFO add listener: com.alibaba.nacos.naming.domains.meta.00-00---000-NACOS_SWITCH_DOMAIN-000---00-00

2021-11-02 17:21:46,106 INFO add listener: com.alibaba.nacos.naming.domains.meta.

2021-11-02 17:21:50,532 WARN start to close old raft protocol!!!

2021-11-02 17:21:50,532 WARN stop old raft protocol task for notifier

2021-11-02 17:21:50,532 WARN stop old raft protocol task for master task

2021-11-02 17:21:50,532 WARN stop old raft protocol task for heartbeat task

2021-11-02 17:21:50,532 WARN clean old cache datum for old raft

2021-11-02 17:21:50,532 WARN start to close old raft protocol!!!

2021-11-02 17:21:50,532 WARN stop old raft protocol task for notifier

2021-11-02 17:21:50,533 WARN stop old raft protocol task for master task

2021-11-02 17:21:50,533 WARN stop old raft protocol task for heartbeat task

2021-11-02 17:21:50,533 WARN clean old cache datum for old raft

2021-11-02 17:21:50,533 WARN start to move old raft protocol metadata

2021-11-02 17:21:50,534 WARN start to move old raft protocol metadata

2021-11-02 17:21:50,535 INFO raft peers changed: [Member{ip='26.26.26.1', port=8848, state=UP, extendInfo={lastRefreshTime=1635844910534, raftPort=7848, version=1.4.1}}]

